<?xml version="1.0" encoding="UTF-8"?>
<!-- Generated by org.testng.reporters.JUnitReportReporter -->
<testsuite hostname="Dnyaneshwar" failures="0" tests="1" name="restAssured.Get_Retrieve" time="10.459" errors="0" timestamp="2022-12-26T18:53:25 IST" skipped="0">
  <testcase classname="restAssured.Get_Retrieve" name="validation" time="10.459"/>
  <system-out/>
</testsuite> <!-- restAssured.Get_Retrieve -->
