<?xml version="1.0" encoding="UTF-8"?>
<!-- Generated by org.testng.reporters.JUnitReportReporter -->
<testsuite hostname="Dnyaneshwar" failures="0" tests="1" name="restAssured.POSTMETHOD" time="19.776" errors="0" timestamp="2022-12-26T18:48:35 IST" skipped="0">
  <testcase classname="restAssured.POSTMETHOD" name="postMethodDemo" time="19.776"/>
  <system-out/>
</testsuite> <!-- restAssured.POSTMETHOD -->
