<?xml version="1.0" encoding="UTF-8"?>
<!-- Generated by org.testng.reporters.JUnitReportReporter -->
<testsuite hostname="Dnyaneshwar" failures="0" tests="3" name="restAssured.RestAssuredTestResponse" time="12.662" errors="0" timestamp="2022-12-26T15:50:07 IST" skipped="0">
  <testcase classname="restAssured.RestAssuredTestResponse" name="GetBookDetails" time="11.061"/>
  <system-out/>
  <testcase classname="restAssured.RestAssuredTestResponse" name="GetPetDetails" time="0.740"/>
  <system-out/>
  <testcase classname="restAssured.RestAssuredTestResponse" name="GetBookDetails1" time="0.861"/>
  <system-out/>
</testsuite> <!-- restAssured.RestAssuredTestResponse -->
